Build started 2011-6-18 15:13:42.
     1>Project "E:\Project2\Ransac\RANSAC.vcxproj" on node 2 (build target(s)).
     1>InitializeBuildStatus:
         Touching ".\Debug\RANSAC.unsuccessfulbuild".
       ClCompile:
         C:\Program Files\Microsoft Visual Studio 10.0\VC\bin\CL.exe /c /ZI /nologo /W3 /WX- /Od /Oy- /D WIN32 /D _DEBUG /D _CONSOLE /D _VC80_UPGRADE=0x0600 /D _MBCS /Gm /EHsc /RTC1 /MTd /GS /Gy- /fp:precise /Zc:wchar_t /Zc:forScope /Fo".\Debug\\" /Fd".\Debug\vc100.pdb" /Gd /TP /analyze- /errorReport:prompt LineParamEstimator.cpp Point2D.cpp RansacExample.cpp
         RansacExample.cpp
         Point2D.cpp
         LineParamEstimator.cpp
         Generating Code...
       ManifestResourceCompile:
         C:\Program Files\Microsoft SDKs\Windows\v7.0A\bin\rc.exe /nologo /fo".\Debug\RANSAC.exe.embed.manifest.res" .\Debug\RANSAC_manifest.rc 
       Link:
         C:\Program Files\Microsoft Visual Studio 10.0\VC\bin\link.exe /ERRORREPORT:PROMPT /OUT:".\Debug\RANSAC.exe" /INCREMENTAL /NOLOGO odbc32.lib odbccp32.lib kernel32.lib user32.lib gdi32.lib winspool.lib comdlg32.lib advapi32.lib shell32.lib ole32.lib oleaut32.lib uuid.lib odbc32.lib odbccp32.lib /MANIFEST /ManifestFile:".\Debug\RANSAC.exe.intermediate.manifest" /MANIFESTUAC:"level='asInvoker' uiAccess='false'" /DEBUG /PDB:"E:\Project2\Ransac\Debug\RANSAC.pdb" /SUBSYSTEM:CONSOLE /TLBID:1 /DYNAMICBASE /NXCOMPAT /IMPLIB:".\Debug\RANSAC.lib" /MACHINE:X86 .\Debug\RANSAC.exe.embed.manifest.res
         .\Debug\LineParamEstimator.obj
         .\Debug\Point2D.obj
         .\Debug\RansacExample.obj
       Manifest:
         C:\Program Files\Microsoft SDKs\Windows\v7.0A\bin\mt.exe /nologo /verbose /out:".\Debug\RANSAC.exe.embed.manifest" /manifest .\Debug\RANSAC.exe.intermediate.manifest
         C:\Program Files\Microsoft SDKs\Windows\v7.0A\bin\rc.exe /nologo /fo".\Debug\RANSAC.exe.embed.manifest.res" .\Debug\RANSAC_manifest.rc 
       LinkEmbedManifest:
         C:\Program Files\Microsoft Visual Studio 10.0\VC\bin\link.exe /ERRORREPORT:PROMPT /OUT:".\Debug\RANSAC.exe" /INCREMENTAL /NOLOGO odbc32.lib odbccp32.lib kernel32.lib user32.lib gdi32.lib winspool.lib comdlg32.lib advapi32.lib shell32.lib ole32.lib oleaut32.lib uuid.lib odbc32.lib odbccp32.lib /MANIFEST /ManifestFile:".\Debug\RANSAC.exe.intermediate.manifest" /MANIFESTUAC:"level='asInvoker' uiAccess='false'" /DEBUG /PDB:"E:\Project2\Ransac\Debug\RANSAC.pdb" /SUBSYSTEM:CONSOLE /TLBID:1 /DYNAMICBASE /NXCOMPAT /IMPLIB:".\Debug\RANSAC.lib" /MACHINE:X86 .\Debug\RANSAC.exe.embed.manifest.res
         .\Debug\LineParamEstimator.obj
         .\Debug\Point2D.obj
         .\Debug\RansacExample.obj
         RANSAC.vcxproj -> E:\Project2\Ransac\.\Debug\RANSAC.exe
       FinalizeBuildStatus:
         Deleting file ".\Debug\RANSAC.unsuccessfulbuild".
         Touching ".\Debug\RANSAC.lastbuildstate".
     1>Done Building Project "E:\Project2\Ransac\RANSAC.vcxproj" (build target(s)).

Build succeeded.

Time Elapsed 00:00:07.76
